warm start from exps/base/model-7000.ckpt
From /home/hejung/venv3/lib/python3.7/site-packages/tensorflow/python/ops/ctc_ops.py:1408: alias_inplace_add (from tensorflow.python.ops.inplace_ops) is deprecated and will be removed in a future version.
Instructions for updating:
Prefer tf.tensor_scatter_nd_add, which offers the same functionality with well-defined read-write semantics.
From /home/hejung/venv3/lib/python3.7/site-packages/tensorflow/python/ops/ctc_ops.py:1391: alias_inplace_update (from tensorflow.python.ops.inplace_ops) is deprecated and will be removed in a future version.
Instructions for updating:
Prefer tf.tensor_scatter_nd_update, which offers the same functionality with well-defined read-write semantics.
gstep[7100] loss[78.07] lr[1.00e-04]
gstep[7200] loss[75.48] lr[1.00e-04]
gstep[7300] loss[61.86] lr[1.00e-04]
gstep[7400] loss[58.45] lr[1.00e-04]
gstep[7500] loss[40.22] lr[1.00e-04]
gstep[7600] loss[74.73] lr[1.00e-04]
gstep[7700] loss[47.99] lr[1.00e-04]
gstep[7800] loss[64.41] lr[1.00e-04]
gstep[7900] loss[58.38] lr[1.00e-04]
gstep[8000] loss[41.63] lr[1.00e-04]
model is saved as exps/base_cont/model-8000.ckpt
gstep[8100] loss[46.25] lr[1.00e-04]
gstep[8200] loss[38.39] lr[1.00e-04]
gstep[8300] loss[36.06] lr[1.00e-04]
gstep[8400] loss[62.58] lr[1.00e-04]
gstep[8500] loss[56.73] lr[1.00e-04]
gstep[8600] loss[44.17] lr[1.00e-04]
gstep[8700] loss[23.84] lr[1.00e-04]
gstep[8800] loss[35.59] lr[1.00e-04]
gstep[8900] loss[36.27] lr[1.00e-04]
gstep[9000] loss[26.92] lr[1.00e-04]
model is saved as exps/base_cont/model-9000.ckpt
gstep[9100] loss[29.13] lr[1.00e-04]
gstep[9200] loss[30.47] lr[1.00e-04]
gstep[9300] loss[41.88] lr[1.00e-04]
gstep[9400] loss[20.07] lr[1.00e-04]
gstep[9500] loss[22.00] lr[1.00e-04]
gstep[9600] loss[49.44] lr[1.00e-04]
gstep[9700] loss[23.72] lr[1.00e-04]
gstep[9800] loss[19.51] lr[1.00e-04]
gstep[9900] loss[17.03] lr[1.00e-04]
gstep[10000] loss[26.35] lr[1.00e-04]
model is saved as exps/base_cont/model-10000.ckpt
gstep[10100] loss[15.29] lr[1.00e-04]
gstep[10200] loss[20.26] lr[1.00e-04]
gstep[10300] loss[14.24] lr[1.00e-04]
gstep[10400] loss[21.10] lr[1.00e-04]
gstep[10500] loss[25.14] lr[1.00e-04]
gstep[10600] loss[15.01] lr[1.00e-04]
gstep[10700] loss[15.84] lr[1.00e-04]
gstep[10800] loss[8.52] lr[1.00e-04]
gstep[10900] loss[25.25] lr[1.00e-04]
gstep[11000] loss[18.47] lr[1.00e-04]
model is saved as exps/base_cont/model-11000.ckpt
gstep[11100] loss[19.74] lr[1.00e-04]
gstep[11200] loss[12.23] lr[1.00e-04]
gstep[11300] loss[18.75] lr[1.00e-04]
gstep[11400] loss[21.97] lr[1.00e-04]
gstep[11500] loss[7.67] lr[1.00e-04]
gstep[11600] loss[8.38] lr[1.00e-04]
gstep[11700] loss[21.33] lr[1.00e-04]
gstep[11800] loss[10.33] lr[1.00e-04]
gstep[11900] loss[21.18] lr[1.00e-04]
gstep[12000] loss[14.15] lr[1.00e-04]
model is saved as exps/base_cont/model-12000.ckpt
gstep[12100] loss[8.74] lr[1.00e-04]
gstep[12200] loss[11.55] lr[1.00e-04]
gstep[12300] loss[7.90] lr[1.00e-04]
gstep[12400] loss[4.59] lr[1.00e-04]
gstep[12500] loss[11.53] lr[1.00e-04]
gstep[12600] loss[13.22] lr[1.00e-04]
gstep[12700] loss[6.68] lr[1.00e-04]
gstep[12800] loss[8.01] lr[1.00e-04]
gstep[12900] loss[9.98] lr[1.00e-04]
gstep[13000] loss[7.86] lr[1.00e-04]
model is saved as exps/base_cont/model-13000.ckpt
gstep[13100] loss[4.12] lr[1.00e-04]
gstep[13200] loss[11.69] lr[1.00e-04]
gstep[13300] loss[8.51] lr[1.00e-04]
gstep[13400] loss[5.26] lr[1.00e-04]
gstep[13500] loss[8.88] lr[1.00e-04]
gstep[13600] loss[9.38] lr[1.00e-04]
gstep[13700] loss[13.56] lr[1.00e-04]
gstep[13800] loss[10.73] lr[1.00e-04]
gstep[13900] loss[9.81] lr[1.00e-04]
gstep[14000] loss[7.36] lr[1.00e-04]
model is saved as exps/base_cont/model-14000.ckpt
gstep[14100] loss[7.23] lr[1.00e-04]
gstep[14200] loss[6.80] lr[1.00e-04]
gstep[14300] loss[6.26] lr[1.00e-04]
gstep[14400] loss[8.28] lr[1.00e-04]
gstep[14500] loss[9.10] lr[1.00e-04]
gstep[14600] loss[6.14] lr[1.00e-04]
gstep[14700] loss[6.47] lr[1.00e-04]
gstep[14800] loss[12.90] lr[1.00e-04]
gstep[14900] loss[6.08] lr[1.00e-04]
gstep[15000] loss[10.03] lr[1.00e-04]
model is saved as exps/base_cont/model-15000.ckpt
gstep[15100] loss[7.04] lr[1.00e-04]
gstep[15200] loss[7.19] lr[1.00e-04]
gstep[15300] loss[7.68] lr[1.00e-04]
gstep[15400] loss[4.74] lr[1.00e-04]
gstep[15500] loss[8.84] lr[1.00e-04]
gstep[15600] loss[6.42] lr[1.00e-04]
gstep[15700] loss[3.81] lr[1.00e-04]
gstep[15800] loss[6.62] lr[1.00e-04]
gstep[15900] loss[7.41] lr[1.00e-04]
gstep[16000] loss[3.69] lr[1.00e-04]
model is saved as exps/base_cont/model-16000.ckpt
gstep[16100] loss[6.92] lr[1.00e-04]
gstep[16200] loss[4.96] lr[1.00e-04]
gstep[16300] loss[38.14] lr[1.00e-04]
